<?xml version="1.0" encoding="UTF-8"?>
<!-- Generated by org.testng.reporters.JUnitXMLReporter -->
<testsuite hostname="Nico.local" name="test" tests="1" failures="1" timestamp="6 Mar 2017 21:15:55 GMT" time="178.157" errors="0">
  <testcase name="run_cukes" time="178.137" classname="com.demo.nicolas.mori.AppTest">
    <failure type="cucumber.runtime.CucumberException" message="java.lang.NullPointerException">
      <![CDATA[cucumber.runtime.CucumberException: java.lang.NullPointerException
	at cucumber.api.testng.TestNGCucumberRunner.runCukes(TestNGCucumberRunner.java:48)
	at cucumber.api.testng.AbstractTestNGCucumberTests.run_cukes(AbstractTestNGCucumberTests.java:14)
	at cucumber.api.testng.AbstractTestNGCucumberTests.run(AbstractTestNGCucumberTests.java:19)
Caused by: java.lang.NullPointerException
	at com.demo.nicolas.mori.framework.DSL.click(DSL.java:26)
	at com.demo.nicolas.mori.page.object.CalculatorHomePage.pressInTheNumber(CalculatorHomePage.java:81)
	at com.demo.nicolas.mori.steps.StepsMobile.accessTheNumber(StepsMobile.java:22)
	at ✽.And access the number "100"(Case_1A2.feature:7)
... Removed 29 stack frames]]>
    </failure>
  </testcase> <!-- run_cukes -->
</testsuite> <!-- test -->
